<?xml version="1.0" encoding="UTF-8"?>
<!-- Generated by org.testng.reporters.JUnitReportReporter -->
<testsuite hostname="DESKTOP-N1NG7JA" failures="0" tests="10" name="dataDrivenTesting.DataDrivenTest" time="2.999" errors="0" timestamp="2024-07-16T12:53:22 IST" skipped="0">
  <testcase classname="dataDrivenTesting.DataDrivenTest" name="sampleTest" time="0.070"/>
  <testcase classname="dataDrivenTesting.DataDrivenTest" name="sampleTest" time="2.119"/>
  <testcase classname="dataDrivenTesting.DataDrivenTest" name="sampleTest" time="0.240"/>
  <testcase classname="dataDrivenTesting.DataDrivenTest" name="sampleTest" time="0.091"/>
  <testcase classname="dataDrivenTesting.DataDrivenTest" name="sampleTest" time="0.077"/>
  <testcase classname="dataDrivenTesting.DataDrivenTest" name="sampleTest" time="0.078"/>
  <testcase classname="dataDrivenTesting.DataDrivenTest" name="sampleTest" time="0.088"/>
  <testcase classname="dataDrivenTesting.DataDrivenTest" name="sampleTest" time="0.089"/>
  <testcase classname="dataDrivenTesting.DataDrivenTest" name="sampleTest" time="0.076"/>
  <testcase classname="dataDrivenTesting.DataDrivenTest" name="sampleTest" time="0.071"/>
</testsuite> <!-- dataDrivenTesting.DataDrivenTest -->
