<?xml version="1.0" encoding="UTF-8"?>
<!-- Generated by org.testng.reporters.JUnitReportReporter -->
<testsuite hostname="DESKTOP-N1NG7JA" failures="0" tests="1" name="com.sample.crud.withBdd.SampleTestForCreateTst" time="2.508" errors="0" timestamp="2024-07-10T11:10:03 IST" skipped="0">
  <testcase classname="com.sample.crud.withBdd.SampleTestForCreateTst" name="postDataToserver" time="2.508"/>
</testsuite> <!-- com.sample.crud.withBdd.SampleTestForCreateTst -->
