<?xml version="1.0" encoding="UTF-8"?>
<!-- Generated by org.testng.reporters.JUnitReportReporter -->
<testsuite hostname="DESKTOP-N1NG7JA" failures="0" tests="1" name="com.sample.crud.withoutBdd.SampleTEstForReadTest" time="2.315" errors="0" timestamp="2024-07-10T10:29:37 IST" skipped="0">
  <testcase classname="com.sample.crud.withoutBdd.SampleTEstForReadTest" name="deletDataFromServer" time="2.315"/>
</testsuite> <!-- com.sample.crud.withoutBdd.SampleTEstForReadTest -->
