<?xml version="1.0" encoding="UTF-8"?>
<!-- Generated by org.testng.reporters.JUnitReportReporter -->
<testsuite hostname="DESKTOP-N1NG7JA" failures="0" tests="3" name="dataDrivenTesting.AddMultipleProjectTest" time="2.454" errors="0" timestamp="2024-07-16T11:14:11 IST" skipped="0">
  <testcase classname="dataDrivenTesting.AddMultipleProjectTest" name="sampleProjectTest" time="0.104"/>
  <testcase classname="dataDrivenTesting.AddMultipleProjectTest" name="sampleProjectTest" time="0.086"/>
  <testcase classname="dataDrivenTesting.AddMultipleProjectTest" name="sampleProjectTest" time="2.264"/>
</testsuite> <!-- dataDrivenTesting.AddMultipleProjectTest -->
