<?xml version="1.0" encoding="UTF-8"?>
<!-- Generated by org.testng.reporters.JUnitReportReporter -->
<testsuite hostname="DESKTOP-N1NG7JA" failures="0" tests="1" name="typesParameters.PathParamTest" time="2.302" errors="0" timestamp="2024-07-15T16:28:49 IST" skipped="0">
  <testcase classname="typesParameters.PathParamTest" name="sampleTest" time="2.302"/>
</testsuite> <!-- typesParameters.PathParamTest -->
