<?xml version="1.0" encoding="UTF-8"?>
<!-- Generated by org.testng.reporters.JUnitReportReporter -->
<testsuite hostname="DESKTOP-N1NG7JA" failures="0" tests="1" name="typesParameters.FormParamTest" time="2.833" errors="0" timestamp="2024-07-15T17:40:12 IST" skipped="0">
  <testcase classname="typesParameters.FormParamTest" name="sampleTest" time="2.833"/>
</testsuite> <!-- typesParameters.FormParamTest -->
