<?xml version="1.0" encoding="UTF-8"?>
<!-- Generated by org.testng.reporters.JUnitReportReporter -->
<testsuite hostname="DESKTOP-N1NG7JA" failures="0" tests="1" name="practice.postRequestTypes.PostReq_via_JsonFileTest" time="2.427" errors="0" timestamp="2024-07-11T17:05:31 IST" skipped="0">
  <testcase classname="practice.postRequestTypes.PostReq_via_JsonFileTest" name="postDataToServer" time="2.427"/>
</testsuite> <!-- practice.postRequestTypes.PostReq_via_JsonFileTest -->
