<?xml version="1.0" encoding="UTF-8"?>
<!-- Generated by org.testng.reporters.JUnitReportReporter -->
<testsuite hostname="DESKTOP-N1NG7JA" failures="0" tests="1" name="requestChanning.Scenario2_AddEmployeeToProject" time="4.797" errors="0" timestamp="2024-07-15T14:27:57 IST" skipped="0">
  <testcase classname="requestChanning.Scenario2_AddEmployeeToProject" name="sampleProject" time="4.797"/>
</testsuite> <!-- requestChanning.Scenario2_AddEmployeeToProject -->
