<?xml version="1.0" encoding="UTF-8"?>
<!-- Generated by org.testng.reporters.JUnitReportReporter -->
<testsuite hostname="DESKTOP-N1NG7JA" failures="0" tests="1" name="practice.SampleTest" time="3.001" errors="0" timestamp="2024-07-08T18:02:19 IST" skipped="0">
  <testcase classname="practice.SampleTest" name="sampleGetRequest" time="3.001"/>
</testsuite> <!-- practice.SampleTest -->
