<?xml version="1.0" encoding="UTF-8"?>
<!-- Generated by org.testng.reporters.JUnitReportReporter -->
<testsuite hostname="DESKTOP-N1NG7JA" failures="0" tests="1" name="practice.responseValiation.VerifyResponseHeaderTest" time="2.252" errors="0" timestamp="2024-07-12T11:27:46 IST" skipped="0">
  <testcase classname="practice.responseValiation.VerifyResponseHeaderTest" name="verifyHeader" time="2.252"/>
</testsuite> <!-- practice.responseValiation.VerifyResponseHeaderTest -->
