<?xml version="1.0" encoding="UTF-8"?>
<!-- Generated by org.testng.reporters.JUnitReportReporter -->
<testsuite hostname="DESKTOP-N1NG7JA" failures="0" tests="1" name="practice.responseValiation.VerifyResponseTimeTest" time="3.080" errors="0" timestamp="2024-07-12T15:27:05 IST" skipped="0">
  <testcase classname="practice.responseValiation.VerifyResponseTimeTest" name="verifyTime" time="3.080"/>
</testsuite> <!-- practice.responseValiation.VerifyResponseTimeTest -->
