<?xml version="1.0" encoding="UTF-8"?>
<!-- Generated by org.testng.reporters.JUnitReportReporter -->
<testsuite hostname="DESKTOP-N1NG7JA" failures="0" tests="1" name="practice.postRequestTypes.PostReq_via_PojoClassTest" time="3.019" errors="0" timestamp="2024-07-16T10:23:53 IST" skipped="0">
  <testcase classname="practice.postRequestTypes.PostReq_via_PojoClassTest" name="postDataToServer" time="3.019"/>
</testsuite> <!-- practice.postRequestTypes.PostReq_via_PojoClassTest -->
