<?xml version="1.0" encoding="UTF-8"?>
<!-- Generated by org.testng.reporters.JUnitReportReporter -->
<testsuite hostname="DESKTOP-N1NG7JA" failures="0" tests="1" name="com.sample.crud.withBdd.SampleTestForReadTest" time="2.404" errors="0" timestamp="2024-07-10T10:47:04 IST" skipped="0">
  <testcase classname="com.sample.crud.withBdd.SampleTestForReadTest" name="getDataFromServer" time="2.404"/>
</testsuite> <!-- com.sample.crud.withBdd.SampleTestForReadTest -->
