<?xml version="1.0" encoding="UTF-8"?>
<!-- Generated by org.testng.reporters.JUnitReportReporter -->
<testsuite hostname="DESKTOP-N1NG7JA" failures="0" tests="1" name="practice.responseValiation.VerifyComplecJsonXpathTest" time="2.764" errors="0" timestamp="2024-07-13T10:42:46 IST" skipped="0">
  <testcase classname="practice.responseValiation.VerifyComplecJsonXpathTest" name="sampleTest" time="2.764"/>
</testsuite> <!-- practice.responseValiation.VerifyComplecJsonXpathTest -->
