<?xml version="1.0" encoding="UTF-8"?>
<!-- Generated by org.testng.reporters.JUnitReportReporter -->
<testsuite hostname="DESKTOP-N1NG7JA" failures="0" tests="1" name="com.sample.crud.withBdd.SampleTestForCompleteUpdateTest" time="2.362" errors="0" timestamp="2024-07-10T11:29:24 IST" skipped="0">
  <testcase classname="com.sample.crud.withBdd.SampleTestForCompleteUpdateTest" name="putDataFromServer" time="2.362"/>
</testsuite> <!-- com.sample.crud.withBdd.SampleTestForCompleteUpdateTest -->
