<?xml version="1.0" encoding="UTF-8"?>
<!-- Generated by org.testng.reporters.JUnitReportReporter -->
<testsuite hostname="DESKTOP-N1NG7JA" failures="0" tests="1" name="practice.postRequestTypes.PostReq_via_JsonObjectTest" time="2.437" errors="0" timestamp="2024-07-11T16:47:43 IST" skipped="0">
  <testcase classname="practice.postRequestTypes.PostReq_via_JsonObjectTest" name="postDataToServer" time="2.437"/>
</testsuite> <!-- practice.postRequestTypes.PostReq_via_JsonObjectTest -->
