<?xml version="1.0" encoding="UTF-8"?>
<!-- Generated by org.testng.reporters.JUnitReportReporter -->
<testsuite hostname="DESKTOP-N1NG7JA" failures="0" tests="1" name="practice.responseValiation.VerifyResponseBodyVia_JsonPath" time="3.491" errors="0" timestamp="2024-07-13T15:08:50 IST" skipped="0">
  <testcase classname="practice.responseValiation.VerifyResponseBodyVia_JsonPath" name="bodyValidate" time="3.491"/>
</testsuite> <!-- practice.responseValiation.VerifyResponseBodyVia_JsonPath -->
