<?xml version="1.0" encoding="UTF-8"?>
<!-- Generated by org.testng.reporters.JUnitReportReporter -->
<testsuite hostname="DESKTOP-N1NG7JA" failures="0" tests="1" name="authentication.BasicAuthTest" time="2.706" errors="0" timestamp="2024-07-15T18:20:13 IST" skipped="0">
  <testcase classname="authentication.BasicAuthTest" name="sampleTest" time="2.706"/>
</testsuite> <!-- authentication.BasicAuthTest -->
