<?xml version="1.0" encoding="UTF-8"?>
<!-- Generated by org.testng.reporters.JUnitReportReporter -->
<testsuite hostname="DESKTOP-N1NG7JA" failures="0" tests="1" name="practice.responseValiation.ComplexXpathWithRegularExpressionTest" time="2.489" errors="0" timestamp="2024-07-13T11:56:25 IST" skipped="0">
  <testcase classname="practice.responseValiation.ComplexXpathWithRegularExpressionTest" name="GetData" time="2.489"/>
</testsuite> <!-- practice.responseValiation.ComplexXpathWithRegularExpressionTest -->
