<?xml version="1.0" encoding="UTF-8"?>
<!-- Generated by org.testng.reporters.JUnitReportReporter -->
<testsuite hostname="DESKTOP-N1NG7JA" failures="0" tests="1" name="typesParameters.ParamParameterTest" time="2.583" errors="0" timestamp="2024-07-15T17:24:41 IST" skipped="0">
  <testcase classname="typesParameters.ParamParameterTest" name="sampleTest" time="2.583"/>
</testsuite> <!-- typesParameters.ParamParameterTest -->
