<?xml version="1.0" encoding="UTF-8"?>
<!-- Generated by org.testng.reporters.JUnitReportReporter -->
<testsuite hostname="DESKTOP-N1NG7JA" failures="0" tests="1" name="com.sample.crud.withBdd.SampleTestForDeleteTest" time="2.298" errors="0" timestamp="2024-07-10T12:23:56 IST" skipped="0">
  <testcase classname="com.sample.crud.withBdd.SampleTestForDeleteTest" name="deleteDataFromServer" time="2.298"/>
</testsuite> <!-- com.sample.crud.withBdd.SampleTestForDeleteTest -->
