<?xml version="1.0" encoding="UTF-8"?>
<!-- Generated by org.testng.reporters.JUnitReportReporter -->
<testsuite hostname="DESKTOP-N1NG7JA" failures="0" tests="1" name="practice.ARun2" time="0.016" errors="0" timestamp="2024-07-08T15:51:35 IST" skipped="0">
  <testcase classname="practice.ARun2" name="main" time="0.016"/>
</testsuite> <!-- practice.ARun2 -->
