<?xml version="1.0" encoding="UTF-8"?>
<!-- Generated by org.testng.reporters.JUnitReportReporter -->
<testsuite hostname="DESKTOP-N1NG7JA" failures="0" tests="1" name="typesParameters.QueryParamTest" time="2.373" errors="0" timestamp="2024-07-17T18:42:51 IST" skipped="0">
  <testcase classname="typesParameters.QueryParamTest" name="sampleTest" time="2.373"/>
</testsuite> <!-- typesParameters.QueryParamTest -->
