<?xml version="1.0" encoding="UTF-8"?>
<!-- Generated by org.testng.reporters.JUnitReportReporter -->
<testsuite hostname="DESKTOP-N1NG7JA" failures="0" tests="1" name="practice.Run1" time="0.033" errors="0" timestamp="2024-07-08T15:09:53 IST" skipped="0">
  <testcase classname="practice.Run1" name="sampleTest" time="0.033"/>
</testsuite> <!-- practice.Run1 -->
